Start testing: Feb 26 15:47 東京 (標準時)
----------------------------------------------------------
1/1 Testing: test_my_class
1/1 Test: test_my_class
Command: "C:/Users/ykoyabu/my-project/SampleApp/build/Debug/test_my_class.exe"
Directory: C:/Users/ykoyabu/my-project/SampleApp/build
"test_my_class" start time: Feb 26 15:47 東京 (標準時)
Output:
----------------------------------------------------------
Running main() from C:\Users\ykoyabu\my-project\SampleApp\extern\googletest\googletest\src\gtest_main.cc
[==========] Running 6 tests from 2 test suites.
[----------] Global test environment set-up.
[----------] 2 tests from TestCaseName
[ RUN      ] TestCaseName.TestName1
[       OK ] TestCaseName.TestName1 (0 ms)
[ RUN      ] TestCaseName.TestName2
[       OK ] TestCaseName.TestName2 (0 ms)
[----------] 2 tests from TestCaseName (0 ms total)

[----------] 4 tests from MyClassTest
[ RUN      ] MyClassTest.AddTest1
[       OK ] MyClassTest.AddTest1 (0 ms)
[ RUN      ] MyClassTest.AddTest2
[       OK ] MyClassTest.AddTest2 (0 ms)
[ RUN      ] MyClassTest.AddTest3
[       OK ] MyClassTest.AddTest3 (0 ms)
[ RUN      ] MyClassTest.AddTest4
C:\Users\ykoyabu\my-project\SampleApp\test_my_class\test.cpp(33): error: Value of: false
  Actual: false
Expected: true

[  FAILED  ] MyClassTest.AddTest4 (0 ms)
[----------] 4 tests from MyClassTest (0 ms total)

[----------] Global test environment tear-down
[==========] 6 tests from 2 test suites ran. (0 ms total)
[  PASSED  ] 5 tests.
[  FAILED  ] 1 test, listed below:
[  FAILED  ] MyClassTest.AddTest4

 1 FAILED TEST
<end of output>
Test time =   0.02 sec
----------------------------------------------------------
Test Failed.
"test_my_class" end time: Feb 26 15:47 東京 (標準時)
"test_my_class" time elapsed: 00:00:00
----------------------------------------------------------

End testing: Feb 26 15:47 東京 (標準時)
